<?xml version="1.0" encoding="UTF-8"?>
<testsuite name="com.boeing.tdd.api.controller.PostControllerIntegrationTest" tests="3" skipped="0" failures="1" errors="0" timestamp="2019-05-17T05:20:18" hostname="DESKTOP-6PVNH8C" time="0.769">
  <properties/>
  <testcase name="postPostOkStatus" classname="com.boeing.tdd.api.controller.PostControllerIntegrationTest" time="0.64"/>
  <testcase name="returnsHelloWorldFromHello" classname="com.boeing.tdd.api.controller.PostControllerIntegrationTest" time="0.034"/>
  <testcase name="returnsOkStatus" classname="com.boeing.tdd.api.controller.PostControllerIntegrationTest" time="0.093">
    <failure message="java.lang.AssertionError: Status expected:&lt;200 OK&gt; but was:&lt;500 INTERNAL_SERVER_ERROR&gt;&#10;&#10;&gt; GET http://localhost:60277/posts&#10;&gt; WebTestClient-Request-Id: [3]&#10;&#10;No content&#10;&#10;&lt; 500 INTERNAL_SERVER_ERROR Internal Server Error&#10;&lt; Content-Type: [application/json;charset=UTF-8]&#10;&lt; Content-Length: [512]&#10;&#10;{&quot;timestamp&quot;:&quot;2019-05-17T05:20:19.088+0000&quot;,&quot;path&quot;:&quot;/posts&quot;,&quot;status&quot;:500,&quot;error&quot;:&quot;Internal Server Error&quot;,&quot;message&quot;:&quot;Type definition error: [simple type, class com.boeing.tdd.api.entity.Post]; nested exception is com.fasterxml.jackson.databind.exc.InvalidDefinitionException: No serializer found for class com.boeing.tdd.api.entity.Post and no properties discovered to create BeanSerializer (to avoid exception, disable SerializationFeature.FAIL_ON_EMPTY_BEANS) (through reference chain: java.util.ArrayList[0])&quot;}&#10;" type="java.lang.AssertionError">java.lang.AssertionError: Status expected:&lt;200 OK&gt; but was:&lt;500 INTERNAL_SERVER_ERROR&gt;

&gt; GET http://localhost:60277/posts
&gt; WebTestClient-Request-Id: [3]

No content

&lt; 500 INTERNAL_SERVER_ERROR Internal Server Error
&lt; Content-Type: [application/json;charset=UTF-8]
&lt; Content-Length: [512]

{&quot;timestamp&quot;:&quot;2019-05-17T05:20:19.088+0000&quot;,&quot;path&quot;:&quot;/posts&quot;,&quot;status&quot;:500,&quot;error&quot;:&quot;Internal Server Error&quot;,&quot;message&quot;:&quot;Type definition error: [simple type, class com.boeing.tdd.api.entity.Post]; nested exception is com.fasterxml.jackson.databind.exc.InvalidDefinitionException: No serializer found for class com.boeing.tdd.api.entity.Post and no properties discovered to create BeanSerializer (to avoid exception, disable SerializationFeature.FAIL_ON_EMPTY_BEANS) (through reference chain: java.util.ArrayList[0])&quot;}

	at org.springframework.test.web.reactive.server.ExchangeResult.assertWithDiagnostics(ExchangeResult.java:200)
	at org.springframework.test.web.reactive.server.StatusAssertions.assertStatusAndReturn(StatusAssertions.java:227)
	at org.springframework.test.web.reactive.server.StatusAssertions.isOk(StatusAssertions.java:67)
	at com.boeing.tdd.api.controller.PostControllerIntegrationTest.returnsOkStatus(PostControllerIntegrationTest.java:22)
	at java.base/jdk.internal.reflect.NativeMethodAccessorImpl.invoke0(Native Method)
	at java.base/jdk.internal.reflect.NativeMethodAccessorImpl.invoke(NativeMethodAccessorImpl.java:62)
	at java.base/jdk.internal.reflect.DelegatingMethodAccessorImpl.invoke(DelegatingMethodAccessorImpl.java:43)
	at java.base/java.lang.reflect.Method.invoke(Method.java:567)
	at org.junit.runners.model.FrameworkMethod$1.runReflectiveCall(FrameworkMethod.java:50)
	at org.junit.internal.runners.model.ReflectiveCallable.run(ReflectiveCallable.java:12)
	at org.junit.runners.model.FrameworkMethod.invokeExplosively(FrameworkMethod.java:47)
	at org.junit.internal.runners.statements.InvokeMethod.evaluate(InvokeMethod.java:17)
	at org.springframework.test.context.junit4.statements.RunBeforeTestExecutionCallbacks.evaluate(RunBeforeTestExecutionCallbacks.java:74)
	at org.springframework.test.context.junit4.statements.RunAfterTestExecutionCallbacks.evaluate(RunAfterTestExecutionCallbacks.java:84)
	at org.springframework.test.context.junit4.statements.RunBeforeTestMethodCallbacks.evaluate(RunBeforeTestMethodCallbacks.java:75)
	at org.springframework.test.context.junit4.statements.RunAfterTestMethodCallbacks.evaluate(RunAfterTestMethodCallbacks.java:86)
	at org.springframework.test.context.junit4.statements.SpringRepeat.evaluate(SpringRepeat.java:84)
	at org.junit.runners.ParentRunner.runLeaf(ParentRunner.java:325)
	at org.springframework.test.context.junit4.SpringJUnit4ClassRunner.runChild(SpringJUnit4ClassRunner.java:251)
	at org.springframework.test.context.junit4.SpringJUnit4ClassRunner.runChild(SpringJUnit4ClassRunner.java:97)
	at org.junit.runners.ParentRunner$3.run(ParentRunner.java:290)
	at org.junit.runners.ParentRunner$1.schedule(ParentRunner.java:71)
	at org.junit.runners.ParentRunner.runChildren(ParentRunner.java:288)
	at org.junit.runners.ParentRunner.access$000(ParentRunner.java:58)
	at org.junit.runners.ParentRunner$2.evaluate(ParentRunner.java:268)
	at org.springframework.test.context.junit4.statements.RunBeforeTestClassCallbacks.evaluate(RunBeforeTestClassCallbacks.java:61)
	at org.springframework.test.context.junit4.statements.RunAfterTestClassCallbacks.evaluate(RunAfterTestClassCallbacks.java:70)
	at org.junit.runners.ParentRunner.run(ParentRunner.java:363)
	at org.springframework.test.context.junit4.SpringJUnit4ClassRunner.run(SpringJUnit4ClassRunner.java:190)
	at org.gradle.api.internal.tasks.testing.junit.JUnitTestClassExecutor.runTestClass(JUnitTestClassExecutor.java:106)
	at org.gradle.api.internal.tasks.testing.junit.JUnitTestClassExecutor.execute(JUnitTestClassExecutor.java:58)
	at org.gradle.api.internal.tasks.testing.junit.JUnitTestClassExecutor.execute(JUnitTestClassExecutor.java:38)
	at org.gradle.api.internal.tasks.testing.junit.AbstractJUnitTestClassProcessor.processTestClass(AbstractJUnitTestClassProcessor.java:66)
	at org.gradle.api.internal.tasks.testing.SuiteTestClassProcessor.processTestClass(SuiteTestClassProcessor.java:51)
	at java.base/jdk.internal.reflect.NativeMethodAccessorImpl.invoke0(Native Method)
	at java.base/jdk.internal.reflect.NativeMethodAccessorImpl.invoke(NativeMethodAccessorImpl.java:62)
	at java.base/jdk.internal.reflect.DelegatingMethodAccessorImpl.invoke(DelegatingMethodAccessorImpl.java:43)
	at java.base/java.lang.reflect.Method.invoke(Method.java:567)
	at org.gradle.internal.dispatch.ReflectionDispatch.dispatch(ReflectionDispatch.java:35)
	at org.gradle.internal.dispatch.ReflectionDispatch.dispatch(ReflectionDispatch.java:24)
	at org.gradle.internal.dispatch.ContextClassLoaderDispatch.dispatch(ContextClassLoaderDispatch.java:32)
	at org.gradle.internal.dispatch.ProxyDispatchAdapter$DispatchingInvocationHandler.invoke(ProxyDispatchAdapter.java:93)
	at com.sun.proxy.$Proxy2.processTestClass(Unknown Source)
	at org.gradle.api.internal.tasks.testing.worker.TestWorker.processTestClass(TestWorker.java:117)
	at java.base/jdk.internal.reflect.NativeMethodAccessorImpl.invoke0(Native Method)
	at java.base/jdk.internal.reflect.NativeMethodAccessorImpl.invoke(NativeMethodAccessorImpl.java:62)
	at java.base/jdk.internal.reflect.DelegatingMethodAccessorImpl.invoke(DelegatingMethodAccessorImpl.java:43)
	at java.base/java.lang.reflect.Method.invoke(Method.java:567)
	at org.gradle.internal.dispatch.ReflectionDispatch.dispatch(ReflectionDispatch.java:35)
	at org.gradle.internal.dispatch.ReflectionDispatch.dispatch(ReflectionDispatch.java:24)
	at org.gradle.internal.remote.internal.hub.MessageHubBackedObjectConnection$DispatchWrapper.dispatch(MessageHubBackedObjectConnection.java:155)
	at org.gradle.internal.remote.internal.hub.MessageHubBackedObjectConnection$DispatchWrapper.dispatch(MessageHubBackedObjectConnection.java:137)
	at org.gradle.internal.remote.internal.hub.MessageHub$Handler.run(MessageHub.java:404)
	at org.gradle.internal.concurrent.ExecutorPolicy$CatchAndRecordFailures.onExecute(ExecutorPolicy.java:63)
	at org.gradle.internal.concurrent.ManagedExecutorImpl$1.run(ManagedExecutorImpl.java:46)
	at java.base/java.util.concurrent.ThreadPoolExecutor.runWorker(ThreadPoolExecutor.java:1128)
	at java.base/java.util.concurrent.ThreadPoolExecutor$Worker.run(ThreadPoolExecutor.java:628)
	at org.gradle.internal.concurrent.ThreadFactoryImpl$ManagedThreadRunnable.run(ThreadFactoryImpl.java:55)
	at java.base/java.lang.Thread.run(Thread.java:835)
Caused by: java.lang.AssertionError: Status expected:&lt;200 OK&gt; but was:&lt;500 INTERNAL_SERVER_ERROR&gt;
	at org.springframework.test.util.AssertionErrors.fail(AssertionErrors.java:55)
	at org.springframework.test.util.AssertionErrors.assertEquals(AssertionErrors.java:82)
	at org.springframework.test.web.reactive.server.StatusAssertions.lambda$assertStatusAndReturn$4(StatusAssertions.java:227)
	at org.springframework.test.web.reactive.server.ExchangeResult.assertWithDiagnostics(ExchangeResult.java:197)
	... 58 more
</failure>
  </testcase>
  <system-out><![CDATA[22:20:14.945 [Test worker] DEBUG org.springframework.test.context.junit4.SpringJUnit4ClassRunner - SpringJUnit4ClassRunner constructor called with [class com.boeing.tdd.api.controller.PostControllerIntegrationTest]
22:20:14.952 [Test worker] DEBUG org.springframework.test.context.BootstrapUtils - Instantiating CacheAwareContextLoaderDelegate from class [org.springframework.test.context.cache.DefaultCacheAwareContextLoaderDelegate]
22:20:14.960 [Test worker] DEBUG org.springframework.test.context.BootstrapUtils - Instantiating BootstrapContext using constructor [public org.springframework.test.context.support.DefaultBootstrapContext(java.lang.Class,org.springframework.test.context.CacheAwareContextLoaderDelegate)]
22:20:14.978 [Test worker] DEBUG org.springframework.test.context.BootstrapUtils - Instantiating TestContextBootstrapper for test class [com.boeing.tdd.api.controller.PostControllerIntegrationTest] from class [org.springframework.boot.test.context.SpringBootTestContextBootstrapper]
22:20:14.993 [Test worker] INFO org.springframework.boot.test.context.SpringBootTestContextBootstrapper - Neither @ContextConfiguration nor @ContextHierarchy found for test class [com.boeing.tdd.api.controller.PostControllerIntegrationTest], using SpringBootContextLoader
22:20:14.997 [Test worker] DEBUG org.springframework.test.context.support.AbstractContextLoader - Did not detect default resource location for test class [com.boeing.tdd.api.controller.PostControllerIntegrationTest]: class path resource [com/boeing/tdd/api/controller/PostControllerIntegrationTest-context.xml] does not exist
22:20:14.997 [Test worker] DEBUG org.springframework.test.context.support.AbstractContextLoader - Did not detect default resource location for test class [com.boeing.tdd.api.controller.PostControllerIntegrationTest]: class path resource [com/boeing/tdd/api/controller/PostControllerIntegrationTestContext.groovy] does not exist
22:20:14.997 [Test worker] INFO org.springframework.test.context.support.AbstractContextLoader - Could not detect default resource locations for test class [com.boeing.tdd.api.controller.PostControllerIntegrationTest]: no resource found for suffixes {-context.xml, Context.groovy}.
22:20:14.998 [Test worker] INFO org.springframework.test.context.support.AnnotationConfigContextLoaderUtils - Could not detect default configuration classes for test class [com.boeing.tdd.api.controller.PostControllerIntegrationTest]: PostControllerIntegrationTest does not declare any static, non-private, non-final, nested classes annotated with @Configuration.
22:20:15.043 [Test worker] DEBUG org.springframework.test.context.support.ActiveProfilesUtils - Could not find an 'annotation declaring class' for annotation type [org.springframework.test.context.ActiveProfiles] and class [com.boeing.tdd.api.controller.PostControllerIntegrationTest]
22:20:15.126 [Test worker] DEBUG org.springframework.context.annotation.ClassPathScanningCandidateComponentProvider - Identified candidate component class: file [C:\Users\luno\IdeaProjects\api\build\classes\java\main\com\boeing\tdd\api\Application.class]
22:20:15.127 [Test worker] INFO org.springframework.boot.test.context.SpringBootTestContextBootstrapper - Found @SpringBootConfiguration com.boeing.tdd.api.Application for test class com.boeing.tdd.api.controller.PostControllerIntegrationTest
22:20:15.212 [Test worker] DEBUG org.springframework.boot.test.context.SpringBootTestContextBootstrapper - @TestExecutionListeners is not present for class [com.boeing.tdd.api.controller.PostControllerIntegrationTest]: using defaults.
22:20:15.212 [Test worker] INFO org.springframework.boot.test.context.SpringBootTestContextBootstrapper - Loaded default TestExecutionListener class names from location [META-INF/spring.factories]: [org.springframework.boot.test.autoconfigure.restdocs.RestDocsTestExecutionListener, org.springframework.boot.test.autoconfigure.web.client.MockRestServiceServerResetTestExecutionListener, org.springframework.boot.test.autoconfigure.web.servlet.MockMvcPrintOnlyOnFailureTestExecutionListener, org.springframework.boot.test.autoconfigure.web.servlet.WebDriverTestExecutionListener, org.springframework.boot.test.mock.mockito.MockitoTestExecutionListener, org.springframework.boot.test.mock.mockito.ResetMocksTestExecutionListener, org.springframework.test.context.web.ServletTestExecutionListener, org.springframework.test.context.support.DirtiesContextBeforeModesTestExecutionListener, org.springframework.test.context.support.DependencyInjectionTestExecutionListener, org.springframework.test.context.support.DirtiesContextTestExecutionListener, org.springframework.test.context.transaction.TransactionalTestExecutionListener, org.springframework.test.context.jdbc.SqlScriptsTestExecutionListener]
22:20:15.219 [Test worker] DEBUG org.springframework.boot.test.context.SpringBootTestContextBootstrapper - Skipping candidate TestExecutionListener [org.springframework.test.context.web.ServletTestExecutionListener] due to a missing dependency. Specify custom listener classes or make the default listener classes and their required dependencies available. Offending class: [javax/servlet/ServletContext]
22:20:15.226 [Test worker] INFO org.springframework.boot.test.context.SpringBootTestContextBootstrapper - Using TestExecutionListeners: [org.springframework.test.context.support.DirtiesContextBeforeModesTestExecutionListener@19b2839e, org.springframework.boot.test.mock.mockito.MockitoTestExecutionListener@1818d4c7, org.springframework.boot.test.autoconfigure.SpringBootDependencyInjectionTestExecutionListener@22ce5489, org.springframework.test.context.support.DirtiesContextTestExecutionListener@62691a53, org.springframework.test.context.transaction.TransactionalTestExecutionListener@6fcadbf3, org.springframework.test.context.jdbc.SqlScriptsTestExecutionListener@312a9421, org.springframework.boot.test.autoconfigure.restdocs.RestDocsTestExecutionListener@6110f491, org.springframework.boot.test.autoconfigure.web.client.MockRestServiceServerResetTestExecutionListener@4b01d162, org.springframework.boot.test.autoconfigure.web.servlet.MockMvcPrintOnlyOnFailureTestExecutionListener@72ad8eb2, org.springframework.boot.test.autoconfigure.web.servlet.WebDriverTestExecutionListener@17c3875a, org.springframework.boot.test.mock.mockito.ResetMocksTestExecutionListener@71114d4f]
22:20:15.228 [Test worker] DEBUG org.springframework.test.annotation.ProfileValueUtils - Retrieved @ProfileValueSourceConfiguration [null] for test class [com.boeing.tdd.api.controller.PostControllerIntegrationTest]
22:20:15.229 [Test worker] DEBUG org.springframework.test.annotation.ProfileValueUtils - Retrieved ProfileValueSource type [class org.springframework.test.annotation.SystemProfileValueSource] for class [com.boeing.tdd.api.controller.PostControllerIntegrationTest]
22:20:15.229 [Test worker] DEBUG org.springframework.test.annotation.ProfileValueUtils - Retrieved @ProfileValueSourceConfiguration [null] for test class [com.boeing.tdd.api.controller.PostControllerIntegrationTest]
22:20:15.229 [Test worker] DEBUG org.springframework.test.annotation.ProfileValueUtils - Retrieved ProfileValueSource type [class org.springframework.test.annotation.SystemProfileValueSource] for class [com.boeing.tdd.api.controller.PostControllerIntegrationTest]
22:20:15.234 [Test worker] DEBUG org.springframework.test.context.support.AbstractDirtiesContextTestExecutionListener - Before test class: context [DefaultTestContext@56014949 testClass = PostControllerIntegrationTest, testInstance = [null], testMethod = [null], testException = [null], mergedContextConfiguration = [ReactiveWebMergedContextConfiguration@27aa355b testClass = PostControllerIntegrationTest, locations = '{}', classes = '{class com.boeing.tdd.api.Application}', contextInitializerClasses = '[]', activeProfiles = '{}', propertySourceLocations = '{}', propertySourceProperties = '{org.springframework.boot.test.context.SpringBootTestContextBootstrapper=true, server.port=0}', contextCustomizers = set[org.springframework.boot.test.autoconfigure.properties.PropertyMappingContextCustomizer@0, org.springframework.boot.test.autoconfigure.web.servlet.WebDriverContextCustomizerFactory$Customizer@2e8ed6c8, org.springframework.boot.test.context.filter.ExcludeFilterContextCustomizer@580d7c73, org.springframework.boot.test.json.DuplicateJsonObjectContextCustomizerFactory$DuplicateJsonObjectContextCustomizer@437f5a68, org.springframework.boot.test.mock.mockito.MockitoContextCustomizer@0, org.springframework.boot.test.web.client.TestRestTemplateContextCustomizer@21366559, org.springframework.boot.test.web.reactive.server.WebTestClientContextCustomizer@33c35f14], contextLoader = 'org.springframework.boot.test.context.SpringBootContextLoader', parent = [null]], attributes = map['org.springframework.test.context.web.ServletTestExecutionListener.activateListener' -> false]], class annotated with @DirtiesContext [false] with mode [null].
22:20:15.234 [Test worker] DEBUG org.springframework.test.annotation.ProfileValueUtils - Retrieved @ProfileValueSourceConfiguration [null] for test class [com.boeing.tdd.api.controller.PostControllerIntegrationTest]
22:20:15.235 [Test worker] DEBUG org.springframework.test.annotation.ProfileValueUtils - Retrieved ProfileValueSource type [class org.springframework.test.annotation.SystemProfileValueSource] for class [com.boeing.tdd.api.controller.PostControllerIntegrationTest]
22:20:15.238 [Test worker] DEBUG org.springframework.test.context.support.DependencyInjectionTestExecutionListener - Performing dependency injection for test context [[DefaultTestContext@56014949 testClass = PostControllerIntegrationTest, testInstance = com.boeing.tdd.api.controller.PostControllerIntegrationTest@df82fba, testMethod = [null], testException = [null], mergedContextConfiguration = [ReactiveWebMergedContextConfiguration@27aa355b testClass = PostControllerIntegrationTest, locations = '{}', classes = '{class com.boeing.tdd.api.Application}', contextInitializerClasses = '[]', activeProfiles = '{}', propertySourceLocations = '{}', propertySourceProperties = '{org.springframework.boot.test.context.SpringBootTestContextBootstrapper=true, server.port=0}', contextCustomizers = set[org.springframework.boot.test.autoconfigure.properties.PropertyMappingContextCustomizer@0, org.springframework.boot.test.autoconfigure.web.servlet.WebDriverContextCustomizerFactory$Customizer@2e8ed6c8, org.springframework.boot.test.context.filter.ExcludeFilterContextCustomizer@580d7c73, org.springframework.boot.test.json.DuplicateJsonObjectContextCustomizerFactory$DuplicateJsonObjectContextCustomizer@437f5a68, org.springframework.boot.test.mock.mockito.MockitoContextCustomizer@0, org.springframework.boot.test.web.client.TestRestTemplateContextCustomizer@21366559, org.springframework.boot.test.web.reactive.server.WebTestClientContextCustomizer@33c35f14], contextLoader = 'org.springframework.boot.test.context.SpringBootContextLoader', parent = [null]], attributes = map['org.springframework.test.context.web.ServletTestExecutionListener.activateListener' -> false]]].
22:20:15.257 [Test worker] DEBUG org.springframework.test.context.support.TestPropertySourceUtils - Adding inlined properties to environment: {spring.jmx.enabled=false, org.springframework.boot.test.context.SpringBootTestContextBootstrapper=true, server.port=0}

  .   ____          _            __ _ _
 /\\ / ___'_ __ _ _(_)_ __  __ _ \ \ \ \
( ( )\___ | '_ | '_| | '_ \/ _` | \ \ \ \
 \\/  ___)| |_)| | | | | || (_| |  ) ) ) )
  '  |____| .__|_| |_|_| |_\__, | / / / /
 =========|_|==============|___/=/_/_/_/
 :: Spring Boot ::        (v2.1.4.RELEASE)

2019-05-16 22:20:15.488  INFO 9800 --- [    Test worker] c.b.t.a.c.PostControllerIntegrationTest  : Starting PostControllerIntegrationTest on DESKTOP-6PVNH8C with PID 9800 (started by luno in C:\Users\luno\IdeaProjects\api)
2019-05-16 22:20:15.489  INFO 9800 --- [    Test worker] c.b.t.a.c.PostControllerIntegrationTest  : No active profile set, falling back to default profiles: default
2019-05-16 22:20:16.184  INFO 9800 --- [    Test worker] .s.d.r.c.RepositoryConfigurationDelegate : Bootstrapping Spring Data repositories in DEFAULT mode.
2019-05-16 22:20:16.323  INFO 9800 --- [    Test worker] .s.d.r.c.RepositoryConfigurationDelegate : Finished Spring Data repository scanning in 134ms. Found 1 repository interfaces.
2019-05-16 22:20:17.087  INFO 9800 --- [    Test worker] org.mongodb.driver.cluster               : Cluster created with settings {hosts=[localhost:27017], mode=SINGLE, requiredClusterType=UNKNOWN, serverSelectionTimeout='30000 ms', maxWaitQueueSize=500}
2019-05-16 22:20:17.154  INFO 9800 --- [localhost:27017] org.mongodb.driver.connection            : Opened connection [connectionId{localValue:1, serverValue:10}] to localhost:27017
2019-05-16 22:20:17.159  INFO 9800 --- [localhost:27017] org.mongodb.driver.cluster               : Monitor thread successfully connected to server with description ServerDescription{address=localhost:27017, type=STANDALONE, state=CONNECTED, ok=true, version=ServerVersion{versionList=[4, 0, 9]}, minWireVersion=0, maxWireVersion=7, maxDocumentSize=16777216, logicalSessionTimeoutMinutes=30, roundTripTimeNanos=3399100}
2019-05-16 22:20:18.329  INFO 9800 --- [    Test worker] o.s.b.web.embedded.netty.NettyWebServer  : Netty started on port(s): 60277
2019-05-16 22:20:18.332  INFO 9800 --- [    Test worker] c.b.t.a.c.PostControllerIntegrationTest  : Started PostControllerIntegrationTest in 3.073 seconds (JVM running for 3.991)
2019-05-16 22:20:18.969  INFO 9800 --- [ctor-http-nio-6] org.mongodb.driver.connection            : Opened connection [connectionId{localValue:2, serverValue:11}] to localhost:27017
2019-05-16 22:20:19.093 ERROR 9800 --- [ctor-http-nio-6] a.w.r.e.AbstractErrorWebExceptionHandler : [e72d3f63] 500 Server Error for HTTP GET "/posts"

org.springframework.core.codec.CodecException: Type definition error: [simple type, class com.boeing.tdd.api.entity.Post]; nested exception is com.fasterxml.jackson.databind.exc.InvalidDefinitionException: No serializer found for class com.boeing.tdd.api.entity.Post and no properties discovered to create BeanSerializer (to avoid exception, disable SerializationFeature.FAIL_ON_EMPTY_BEANS) (through reference chain: java.util.ArrayList[0])
	at org.springframework.http.codec.json.AbstractJackson2Encoder.encodeValue(AbstractJackson2Encoder.java:178) ~[spring-web-5.1.6.RELEASE.jar:5.1.6.RELEASE]
	at org.springframework.http.codec.json.AbstractJackson2Encoder.lambda$encode$0(AbstractJackson2Encoder.java:122) ~[spring-web-5.1.6.RELEASE.jar:5.1.6.RELEASE]
	at reactor.core.publisher.FluxMapFuseable$MapFuseableSubscriber.onNext(FluxMapFuseable.java:107) ~[reactor-core-3.2.8.RELEASE.jar:3.2.8.RELEASE]
	at reactor.core.publisher.Operators$ScalarSubscription.request(Operators.java:2070) ~[reactor-core-3.2.8.RELEASE.jar:3.2.8.RELEASE]
	at reactor.core.publisher.FluxMapFuseable$MapFuseableSubscriber.request(FluxMapFuseable.java:162) ~[reactor-core-3.2.8.RELEASE.jar:3.2.8.RELEASE]
	at reactor.core.publisher.Operators$MultiSubscriptionSubscriber.set(Operators.java:1878) ~[reactor-core-3.2.8.RELEASE.jar:3.2.8.RELEASE]
	at reactor.core.publisher.Operators$MultiSubscriptionSubscriber.onSubscribe(Operators.java:1752) ~[reactor-core-3.2.8.RELEASE.jar:3.2.8.RELEASE]
	at reactor.core.publisher.FluxMapFuseable$MapFuseableSubscriber.onSubscribe(FluxMapFuseable.java:90) ~[reactor-core-3.2.8.RELEASE.jar:3.2.8.RELEASE]
	at reactor.core.publisher.MonoJust.subscribe(MonoJust.java:54) ~[reactor-core-3.2.8.RELEASE.jar:3.2.8.RELEASE]
	at reactor.core.publisher.MonoMapFuseable.subscribe(MonoMapFuseable.java:59) ~[reactor-core-3.2.8.RELEASE.jar:3.2.8.RELEASE]
	at reactor.core.publisher.MonoSwitchIfEmpty.subscribe(MonoSwitchIfEmpty.java:44) ~[reactor-core-3.2.8.RELEASE.jar:3.2.8.RELEASE]
	at reactor.core.publisher.MonoFlatMap.subscribe(MonoFlatMap.java:60) ~[reactor-core-3.2.8.RELEASE.jar:3.2.8.RELEASE]
	at reactor.core.publisher.MonoOnErrorResume.subscribe(MonoOnErrorResume.java:44) ~[reactor-core-3.2.8.RELEASE.jar:3.2.8.RELEASE]
	at reactor.core.publisher.MonoFlatMap$FlatMapMain.onNext(MonoFlatMap.java:150) ~[reactor-core-3.2.8.RELEASE.jar:3.2.8.RELEASE]
	at reactor.core.publisher.Operators$MonoSubscriber.complete(Operators.java:1505) ~[reactor-core-3.2.8.RELEASE.jar:3.2.8.RELEASE]
	at reactor.core.publisher.MonoFlatMap$FlatMapInner.onNext(MonoFlatMap.java:241) ~[reactor-core-3.2.8.RELEASE.jar:3.2.8.RELEASE]
	at reactor.core.publisher.FluxOnErrorResume$ResumeSubscriber.onNext(FluxOnErrorResume.java:73) ~[reactor-core-3.2.8.RELEASE.jar:3.2.8.RELEASE]
	at reactor.core.publisher.FluxPeekFuseable$PeekFuseableSubscriber.onNext(FluxPeekFuseable.java:204) ~[reactor-core-3.2.8.RELEASE.jar:3.2.8.RELEASE]
	at reactor.core.publisher.FluxPeekFuseable$PeekFuseableSubscriber.onNext(FluxPeekFuseable.java:204) ~[reactor-core-3.2.8.RELEASE.jar:3.2.8.RELEASE]
	at reactor.core.publisher.Operators$MonoSubscriber.complete(Operators.java:1505) ~[reactor-core-3.2.8.RELEASE.jar:3.2.8.RELEASE]
	at reactor.core.publisher.MonoIgnoreThen$ThenAcceptInner.onNext(MonoIgnoreThen.java:296) ~[reactor-core-3.2.8.RELEASE.jar:3.2.8.RELEASE]
	at reactor.core.publisher.Operators$ScalarSubscription.request(Operators.java:2070) ~[reactor-core-3.2.8.RELEASE.jar:3.2.8.RELEASE]
	at reactor.core.publisher.MonoIgnoreThen$ThenAcceptInner.onSubscribe(MonoIgnoreThen.java:285) ~[reactor-core-3.2.8.RELEASE.jar:3.2.8.RELEASE]
	at reactor.core.publisher.FluxFlatMap.trySubscribeScalarMap(FluxFlatMap.java:161) ~[reactor-core-3.2.8.RELEASE.jar:3.2.8.RELEASE]
	at reactor.core.publisher.MonoFlatMap.subscribe(MonoFlatMap.java:53) ~[reactor-core-3.2.8.RELEASE.jar:3.2.8.RELEASE]
	at reactor.core.publisher.MonoDefer.subscribe(MonoDefer.java:52) ~[reactor-core-3.2.8.RELEASE.jar:3.2.8.RELEASE]
	at reactor.core.publisher.MonoIgnoreThen$ThenIgnoreMain.drain(MonoIgnoreThen.java:153) ~[reactor-core-3.2.8.RELEASE.jar:3.2.8.RELEASE]
	at reactor.core.publisher.MonoIgnoreThen.subscribe(MonoIgnoreThen.java:56) ~[reactor-core-3.2.8.RELEASE.jar:3.2.8.RELEASE]
	at reactor.core.publisher.MonoPeekFuseable.subscribe(MonoPeekFuseable.java:74) ~[reactor-core-3.2.8.RELEASE.jar:3.2.8.RELEASE]
	at reactor.core.publisher.MonoPeekFuseable.subscribe(MonoPeekFuseable.java:74) ~[reactor-core-3.2.8.RELEASE.jar:3.2.8.RELEASE]
	at reactor.core.publisher.MonoOnErrorResume.subscribe(MonoOnErrorResume.java:44) ~[reactor-core-3.2.8.RELEASE.jar:3.2.8.RELEASE]
	at reactor.core.publisher.MonoFlatMap$FlatMapMain.onNext(MonoFlatMap.java:150) ~[reactor-core-3.2.8.RELEASE.jar:3.2.8.RELEASE]
	at reactor.core.publisher.FluxSwitchIfEmpty$SwitchIfEmptySubscriber.onNext(FluxSwitchIfEmpty.java:67) ~[reactor-core-3.2.8.RELEASE.jar:3.2.8.RELEASE]
	at reactor.core.publisher.MonoNext$NextSubscriber.onNext(MonoNext.java:76) ~[reactor-core-3.2.8.RELEASE.jar:3.2.8.RELEASE]
	at reactor.core.publisher.FluxConcatMap$ConcatMapImmediate.innerNext(FluxConcatMap.java:275) ~[reactor-core-3.2.8.RELEASE.jar:3.2.8.RELEASE]
	at reactor.core.publisher.FluxConcatMap$ConcatMapInner.onNext(FluxConcatMap.java:849) ~[reactor-core-3.2.8.RELEASE.jar:3.2.8.RELEASE]
	at reactor.core.publisher.FluxMapFuseable$MapFuseableSubscriber.onNext(FluxMapFuseable.java:121) ~[reactor-core-3.2.8.RELEASE.jar:3.2.8.RELEASE]
	at reactor.core.publisher.Operators$ScalarSubscription.request(Operators.java:2070) ~[reactor-core-3.2.8.RELEASE.jar:3.2.8.RELEASE]
	at reactor.core.publisher.FluxMapFuseable$MapFuseableSubscriber.request(FluxMapFuseable.java:162) ~[reactor-core-3.2.8.RELEASE.jar:3.2.8.RELEASE]
	at reactor.core.publisher.Operators$MultiSubscriptionSubscriber.set(Operators.java:1878) ~[reactor-core-3.2.8.RELEASE.jar:3.2.8.RELEASE]
	at reactor.core.publisher.Operators$MultiSubscriptionSubscriber.onSubscribe(Operators.java:1752) ~[reactor-core-3.2.8.RELEASE.jar:3.2.8.RELEASE]
	at reactor.core.publisher.FluxMapFuseable$MapFuseableSubscriber.onSubscribe(FluxMapFuseable.java:90) ~[reactor-core-3.2.8.RELEASE.jar:3.2.8.RELEASE]
	at reactor.core.publisher.MonoJust.subscribe(MonoJust.java:54) ~[reactor-core-3.2.8.RELEASE.jar:3.2.8.RELEASE]
	at reactor.core.publisher.MonoMapFuseable.subscribe(MonoMapFuseable.java:59) ~[reactor-core-3.2.8.RELEASE.jar:3.2.8.RELEASE]
	at reactor.core.publisher.Mono.subscribe(Mono.java:3710) ~[reactor-core-3.2.8.RELEASE.jar:3.2.8.RELEASE]
	at reactor.core.publisher.FluxConcatMap$ConcatMapImmediate.drain(FluxConcatMap.java:442) ~[reactor-core-3.2.8.RELEASE.jar:3.2.8.RELEASE]
	at reactor.core.publisher.FluxConcatMap$ConcatMapImmediate.onSubscribe(FluxConcatMap.java:212) ~[reactor-core-3.2.8.RELEASE.jar:3.2.8.RELEASE]
	at reactor.core.publisher.FluxIterable.subscribe(FluxIterable.java:139) ~[reactor-core-3.2.8.RELEASE.jar:3.2.8.RELEASE]
	at reactor.core.publisher.FluxIterable.subscribe(FluxIterable.java:63) ~[reactor-core-3.2.8.RELEASE.jar:3.2.8.RELEASE]
	at reactor.core.publisher.FluxConcatMap.subscribe(FluxConcatMap.java:121) ~[reactor-core-3.2.8.RELEASE.jar:3.2.8.RELEASE]
	at reactor.core.publisher.MonoNext.subscribe(MonoNext.java:40) ~[reactor-core-3.2.8.RELEASE.jar:3.2.8.RELEASE]
	at reactor.core.publisher.MonoSwitchIfEmpty.subscribe(MonoSwitchIfEmpty.java:44) ~[reactor-core-3.2.8.RELEASE.jar:3.2.8.RELEASE]
	at reactor.core.publisher.MonoFlatMap.subscribe(MonoFlatMap.java:60) ~[reactor-core-3.2.8.RELEASE.jar:3.2.8.RELEASE]
	at reactor.core.publisher.MonoFlatMap.subscribe(MonoFlatMap.java:60) ~[reactor-core-3.2.8.RELEASE.jar:3.2.8.RELEASE]
	at reactor.core.publisher.MonoDefer.subscribe(MonoDefer.java:52) ~[reactor-core-3.2.8.RELEASE.jar:3.2.8.RELEASE]
	at reactor.core.publisher.MonoDefer.subscribe(MonoDefer.java:52) ~[reactor-core-3.2.8.RELEASE.jar:3.2.8.RELEASE]
	at reactor.core.publisher.MonoOnErrorResume.subscribe(MonoOnErrorResume.java:44) ~[reactor-core-3.2.8.RELEASE.jar:3.2.8.RELEASE]
	at reactor.core.publisher.MonoOnErrorResume.subscribe(MonoOnErrorResume.java:44) ~[reactor-core-3.2.8.RELEASE.jar:3.2.8.RELEASE]
	at reactor.core.publisher.MonoPeekTerminal.subscribe(MonoPeekTerminal.java:61) ~[reactor-core-3.2.8.RELEASE.jar:3.2.8.RELEASE]
	at reactor.core.publisher.MonoOnErrorResume.subscribe(MonoOnErrorResume.java:44) ~[reactor-core-3.2.8.RELEASE.jar:3.2.8.RELEASE]
	at reactor.core.publisher.Mono.subscribe(Mono.java:3710) ~[reactor-core-3.2.8.RELEASE.jar:3.2.8.RELEASE]
	at reactor.core.publisher.MonoIgnoreThen$ThenIgnoreMain.drain(MonoIgnoreThen.java:172) ~[reactor-core-3.2.8.RELEASE.jar:3.2.8.RELEASE]
	at reactor.core.publisher.MonoIgnoreThen.subscribe(MonoIgnoreThen.java:56) ~[reactor-core-3.2.8.RELEASE.jar:3.2.8.RELEASE]
	at reactor.core.publisher.MonoPeekFuseable.subscribe(MonoPeekFuseable.java:70) ~[reactor-core-3.2.8.RELEASE.jar:3.2.8.RELEASE]
	at reactor.core.publisher.MonoPeekTerminal.subscribe(MonoPeekTerminal.java:61) ~[reactor-core-3.2.8.RELEASE.jar:3.2.8.RELEASE]
	at reactor.netty.http.server.HttpServerHandle.onStateChange(HttpServerHandle.java:64) ~[reactor-netty-0.8.6.RELEASE.jar:0.8.6.RELEASE]
	at reactor.netty.tcp.TcpServerBind$ChildObserver.onStateChange(TcpServerBind.java:234) ~[reactor-netty-0.8.6.RELEASE.jar:0.8.6.RELEASE]
	at reactor.netty.http.server.HttpServerOperations.onInboundNext(HttpServerOperations.java:436) ~[reactor-netty-0.8.6.RELEASE.jar:0.8.6.RELEASE]
	at reactor.netty.channel.ChannelOperationsHandler.channelRead(ChannelOperationsHandler.java:141) ~[reactor-netty-0.8.6.RELEASE.jar:0.8.6.RELEASE]
	at io.netty.channel.AbstractChannelHandlerContext.invokeChannelRead(AbstractChannelHandlerContext.java:359) ~[netty-transport-4.1.34.Final.jar:4.1.34.Final]
	at io.netty.channel.AbstractChannelHandlerContext.invokeChannelRead(AbstractChannelHandlerContext.java:345) ~[netty-transport-4.1.34.Final.jar:4.1.34.Final]
	at io.netty.channel.AbstractChannelHandlerContext.fireChannelRead(AbstractChannelHandlerContext.java:337) ~[netty-transport-4.1.34.Final.jar:4.1.34.Final]
	at reactor.netty.http.server.HttpTrafficHandler.channelRead(HttpTrafficHandler.java:162) ~[reactor-netty-0.8.6.RELEASE.jar:0.8.6.RELEASE]
	at io.netty.channel.AbstractChannelHandlerContext.invokeChannelRead(AbstractChannelHandlerContext.java:359) ~[netty-transport-4.1.34.Final.jar:4.1.34.Final]
	at io.netty.channel.AbstractChannelHandlerContext.invokeChannelRead(AbstractChannelHandlerContext.java:345) ~[netty-transport-4.1.34.Final.jar:4.1.34.Final]
	at io.netty.channel.AbstractChannelHandlerContext.fireChannelRead(AbstractChannelHandlerContext.java:337) ~[netty-transport-4.1.34.Final.jar:4.1.34.Final]
	at io.netty.channel.CombinedChannelDuplexHandler$DelegatingChannelHandlerContext.fireChannelRead(CombinedChannelDuplexHandler.java:438) ~[netty-transport-4.1.34.Final.jar:4.1.34.Final]
	at io.netty.handler.codec.ByteToMessageDecoder.fireChannelRead(ByteToMessageDecoder.java:323) ~[netty-codec-4.1.34.Final.jar:4.1.34.Final]
	at io.netty.handler.codec.ByteToMessageDecoder.channelRead(ByteToMessageDecoder.java:297) ~[netty-codec-4.1.34.Final.jar:4.1.34.Final]
	at io.netty.channel.CombinedChannelDuplexHandler.channelRead(CombinedChannelDuplexHandler.java:253) ~[netty-transport-4.1.34.Final.jar:4.1.34.Final]
	at io.netty.channel.AbstractChannelHandlerContext.invokeChannelRead(AbstractChannelHandlerContext.java:359) ~[netty-transport-4.1.34.Final.jar:4.1.34.Final]
	at io.netty.channel.AbstractChannelHandlerContext.invokeChannelRead(AbstractChannelHandlerContext.java:345) ~[netty-transport-4.1.34.Final.jar:4.1.34.Final]
	at io.netty.channel.AbstractChannelHandlerContext.fireChannelRead(AbstractChannelHandlerContext.java:337) ~[netty-transport-4.1.34.Final.jar:4.1.34.Final]
	at io.netty.channel.DefaultChannelPipeline$HeadContext.channelRead(DefaultChannelPipeline.java:1408) ~[netty-transport-4.1.34.Final.jar:4.1.34.Final]
	at io.netty.channel.AbstractChannelHandlerContext.invokeChannelRead(AbstractChannelHandlerContext.java:359) ~[netty-transport-4.1.34.Final.jar:4.1.34.Final]
	at io.netty.channel.AbstractChannelHandlerContext.invokeChannelRead(AbstractChannelHandlerContext.java:345) ~[netty-transport-4.1.34.Final.jar:4.1.34.Final]
	at io.netty.channel.DefaultChannelPipeline.fireChannelRead(DefaultChannelPipeline.java:930) ~[netty-transport-4.1.34.Final.jar:4.1.34.Final]
	at io.netty.channel.nio.AbstractNioByteChannel$NioByteUnsafe.read(AbstractNioByteChannel.java:163) ~[netty-transport-4.1.34.Final.jar:4.1.34.Final]
	at io.netty.channel.nio.NioEventLoop.processSelectedKey(NioEventLoop.java:677) ~[netty-transport-4.1.34.Final.jar:4.1.34.Final]
	at io.netty.channel.nio.NioEventLoop.processSelectedKeysOptimized(NioEventLoop.java:612) ~[netty-transport-4.1.34.Final.jar:4.1.34.Final]
	at io.netty.channel.nio.NioEventLoop.processSelectedKeys(NioEventLoop.java:529) ~[netty-transport-4.1.34.Final.jar:4.1.34.Final]
	at io.netty.channel.nio.NioEventLoop.run(NioEventLoop.java:491) ~[netty-transport-4.1.34.Final.jar:4.1.34.Final]
	at io.netty.util.concurrent.SingleThreadEventExecutor$5.run(SingleThreadEventExecutor.java:905) ~[netty-common-4.1.34.Final.jar:4.1.34.Final]
	at java.base/java.lang.Thread.run(Thread.java:835) ~[na:na]
Caused by: com.fasterxml.jackson.databind.exc.InvalidDefinitionException: No serializer found for class com.boeing.tdd.api.entity.Post and no properties discovered to create BeanSerializer (to avoid exception, disable SerializationFeature.FAIL_ON_EMPTY_BEANS) (through reference chain: java.util.ArrayList[0])
	at com.fasterxml.jackson.databind.exc.InvalidDefinitionException.from(InvalidDefinitionException.java:77) ~[jackson-databind-2.9.8.jar:2.9.8]
	at com.fasterxml.jackson.databind.SerializerProvider.reportBadDefinition(SerializerProvider.java:1191) ~[jackson-databind-2.9.8.jar:2.9.8]
	at com.fasterxml.jackson.databind.DatabindContext.reportBadDefinition(DatabindContext.java:313) ~[jackson-databind-2.9.8.jar:2.9.8]
	at com.fasterxml.jackson.databind.ser.impl.UnknownSerializer.failForEmpty(UnknownSerializer.java:71) ~[jackson-databind-2.9.8.jar:2.9.8]
	at com.fasterxml.jackson.databind.ser.impl.UnknownSerializer.serialize(UnknownSerializer.java:33) ~[jackson-databind-2.9.8.jar:2.9.8]
	at com.fasterxml.jackson.databind.ser.std.CollectionSerializer.serializeContents(CollectionSerializer.java:145) ~[jackson-databind-2.9.8.jar:2.9.8]
	at com.fasterxml.jackson.databind.ser.std.CollectionSerializer.serialize(CollectionSerializer.java:107) ~[jackson-databind-2.9.8.jar:2.9.8]
	at com.fasterxml.jackson.databind.ser.std.CollectionSerializer.serialize(CollectionSerializer.java:25) ~[jackson-databind-2.9.8.jar:2.9.8]
	at com.fasterxml.jackson.databind.ser.DefaultSerializerProvider._serialize(DefaultSerializerProvider.java:480) ~[jackson-databind-2.9.8.jar:2.9.8]
	at com.fasterxml.jackson.databind.ser.DefaultSerializerProvider.serializeValue(DefaultSerializerProvider.java:400) ~[jackson-databind-2.9.8.jar:2.9.8]
	at com.fasterxml.jackson.databind.ObjectWriter$Prefetch.serialize(ObjectWriter.java:1392) ~[jackson-databind-2.9.8.jar:2.9.8]
	at com.fasterxml.jackson.databind.ObjectWriter.writeValue(ObjectWriter.java:913) ~[jackson-databind-2.9.8.jar:2.9.8]
	at org.springframework.http.codec.json.AbstractJackson2Encoder.encodeValue(AbstractJackson2Encoder.java:174) ~[spring-web-5.1.6.RELEASE.jar:5.1.6.RELEASE]
	... 93 common frames omitted

]]></system-out>
  <system-err><![CDATA[]]></system-err>
</testsuite>
